<?xml version="1.0" encoding="UTF-8"?>
<!-- Generated by org.testng.reporters.JUnitXMLReporter -->
<testsuite hostname="DESKTOP-937KOTT" ignored="0" name="Test" tests="3" failures="0" timestamp="2019-11-11T21:27:57 EST" time="218.807" errors="0">
  <testcase name="test3" time="47.654" classname="remoteTesting.dockerValidation.chromeTest3"/>
  <testcase name="test1" time="81.063" classname="remoteTesting.dockerValidation.chromeTest1"/>
  <testcase name="test2" time="86.495" classname="remoteTesting.dockerValidation.chromeTest2"/>
</testsuite> <!-- Test -->
