<?xml version="1.0" encoding="UTF-8"?>
<!-- Generated by org.testng.reporters.JUnitXMLReporter -->
<testsuite hostname="DESKTOP-937KOTT" ignored="0" name="Test" tests="3" failures="0" timestamp="2019-11-08T16:02:15 EST" time="63.193" errors="0">
  <testcase name="test3" time="43.346" classname="remoteTesting.dockerValidation.chromeTest3"/>
  <testcase name="test1" time="56.564" classname="remoteTesting.dockerValidation.chromeTest1"/>
  <testcase name="test2" time="62.822" classname="remoteTesting.dockerValidation.chromeTest2"/>
</testsuite> <!-- Test -->
