<?xml version="1.0" encoding="UTF-8"?>
<!-- Generated by org.testng.reporters.JUnitXMLReporter -->
<testsuite hostname="DESKTOP-937KOTT" ignored="0" name="Test" tests="3" failures="0" timestamp="2019-11-18T19:22:15 EST" time="168.568" errors="0">
  <testcase name="test3" time="42.441" classname="remoteTesting.dockerValidation.chromeTest3"/>
  <testcase name="test2" time="51.414" classname="remoteTesting.dockerValidation.chromeTest2"/>
  <testcase name="test1" time="53.52" classname="remoteTesting.dockerValidation.chromeTest1"/>
</testsuite> <!-- Test -->
