<?xml version="1.0" encoding="UTF-8"?>
<testng-results skipped="0" failed="0" ignored="0" total="3" passed="3">
  <reporter-output>
  </reporter-output>
  <suite name="Suite" duration-ms="168568" started-at="2019-11-18T19:19:27 EST" finished-at="2019-11-18T19:22:15 EST">
    <groups>
    </groups>
    <test name="Test" duration-ms="168568" started-at="2019-11-18T19:19:27 EST" finished-at="2019-11-18T19:22:15 EST">
      <class name="remoteTesting.dockerValidation.chromeTest1">
        <test-method status="PASS" signature="startDockerScale()[pri:0, instance:remoteTesting.dockerValidation.chromeTest1@968a59]" name="startDockerScale" is-config="true" duration-ms="72836" started-at="2019-11-18T19:19:27 EST" finished-at="2019-11-18T19:20:39 EST">
          <reporter-output>
          </reporter-output>
        </test-method> <!-- startDockerScale -->
        <test-method status="PASS" signature="test1()[pri:0, instance:remoteTesting.dockerValidation.chromeTest1@968a59]" name="test1" duration-ms="53520" started-at="2019-11-18T19:20:40 EST" finished-at="2019-11-18T19:21:33 EST">
          <reporter-output>
          </reporter-output>
        </test-method> <!-- test1 -->
        <test-method status="PASS" signature="stopDockerDeleteFile()[pri:0, instance:remoteTesting.dockerValidation.chromeTest1@968a59]" name="stopDockerDeleteFile" is-config="true" duration-ms="42012" started-at="2019-11-18T19:21:33 EST" finished-at="2019-11-18T19:22:15 EST">
          <reporter-output>
          </reporter-output>
        </test-method> <!-- stopDockerDeleteFile -->
      </class> <!-- remoteTesting.dockerValidation.chromeTest1 -->
      <class name="remoteTesting.dockerValidation.chromeTest2">
        <test-method status="PASS" signature="test2()[pri:0, instance:remoteTesting.dockerValidation.chromeTest2@67ae56]" name="test2" duration-ms="51414" started-at="2019-11-18T19:20:40 EST" finished-at="2019-11-18T19:21:31 EST">
          <reporter-output>
          </reporter-output>
        </test-method> <!-- test2 -->
      </class> <!-- remoteTesting.dockerValidation.chromeTest2 -->
      <class name="remoteTesting.dockerValidation.chromeTest3">
        <test-method status="PASS" signature="test3()[pri:0, instance:remoteTesting.dockerValidation.chromeTest3@17cd7a0]" name="test3" duration-ms="42441" started-at="2019-11-18T19:20:40 EST" finished-at="2019-11-18T19:21:22 EST">
          <reporter-output>
          </reporter-output>
        </test-method> <!-- test3 -->
      </class> <!-- remoteTesting.dockerValidation.chromeTest3 -->
    </test> <!-- Test -->
  </suite> <!-- Suite -->
</testng-results>
