<?xml version="1.0" encoding="UTF-8"?>
<testng-results skipped="0" failed="0" ignored="0" total="1" passed="1">
  <reporter-output>
  </reporter-output>
  <suite name="Default suite" duration-ms="63350" started-at="2019-11-11T18:00:49 EST" finished-at="2019-11-11T18:01:52 EST">
    <groups>
    </groups>
    <test name="Default test" duration-ms="63350" started-at="2019-11-11T18:00:49 EST" finished-at="2019-11-11T18:01:52 EST">
      <class name="remoteTesting.dockerValidation.startDocker">
        <test-method status="PASS" signature="startFile()[pri:0, instance:remoteTesting.dockerValidation.startDocker@4b4523f8]" name="startFile" duration-ms="61199" started-at="2019-11-11T18:00:49 EST" finished-at="2019-11-11T18:01:50 EST">
          <reporter-output>
          </reporter-output>
        </test-method> <!-- startFile -->
      </class> <!-- remoteTesting.dockerValidation.startDocker -->
    </test> <!-- Default test -->
  </suite> <!-- Default suite -->
</testng-results>
