<?xml version="1.0" encoding="UTF-8"?>
<testng-results skipped="0" failed="0" ignored="0" total="1" passed="1">
  <reporter-output>
  </reporter-output>
  <suite name="Default suite" duration-ms="19325" started-at="2019-11-11T18:37:43 EST" finished-at="2019-11-11T18:38:03 EST">
    <groups>
    </groups>
    <test name="Default test" duration-ms="19325" started-at="2019-11-11T18:37:43 EST" finished-at="2019-11-11T18:38:03 EST">
      <class name="remoteTesting.dockerValidation.stopDocker">
        <test-method status="PASS" signature="startFile()[pri:0, instance:remoteTesting.dockerValidation.stopDocker@4b4523f8]" name="startFile" duration-ms="18903" started-at="2019-11-11T18:37:44 EST" finished-at="2019-11-11T18:38:02 EST">
          <reporter-output>
          </reporter-output>
        </test-method> <!-- startFile -->
      </class> <!-- remoteTesting.dockerValidation.stopDocker -->
    </test> <!-- Default test -->
  </suite> <!-- Default suite -->
</testng-results>
